<?xml version="1.0" encoding="utf-8"?><testsuites name="pytest tests"><testsuite name="pytest" errors="0" failures="0" skipped="0" tests="11" time="3.848" timestamp="2026-07-30T15:27:10.950899+00:00" hostname="agent-env-e32046eb-e1c7-445b-8933-ed5324304196"><testcase classname="tests.backend_test" name="test_auth_me[student]" time="1.839" /><testcase classname="tests.backend_test" name="test_auth_me[teacher]" time="0.119" /><testcase classname="tests.backend_test" name="test_auth_me[parent]" time="0.200" /><testcase classname="tests.backend_test" name="test_auth_me[admin]" time="0.123" /><testcase classname="tests.backend_test" name="test_dashboard_student" time="0.123" /><testcase classname="tests.backend_test" name="test_dashboard_teacher" time="0.115" /><testcase classname="tests.backend_test" name="test_dashboard_parent" time="0.119" /><testcase classname="tests.backend_test" name="test_leaderboard_weekly" time="0.106" /><testcase classname="tests.backend_test" name="test_leaderboard_all_time" time="0.186" /><testcase classname="tests.backend_test" name="test_notes_get_by_chapter" time="0.228" /><testcase classname="tests.backend_test" name="test_gamification_me" time="0.194" /></testsuite></testsuites>